Performing C SOURCE FILE Test HAVE_THREAD_LOCAL_STORAGE failed with the following output:
Change Dir: /home/aaa/nlopt2/build-debug/CMakeFiles/CMakeTmp

Run Build Command(s):/usr/bin/make -f Makefile cmTC_9905f/fast && /usr/bin/make  -f CMakeFiles/cmTC_9905f.dir/build.make CMakeFiles/cmTC_9905f.dir/build
make[1]: Entering directory '/home/aaa/nlopt2/build-debug/CMakeFiles/CMakeTmp'
Building C object CMakeFiles/cmTC_9905f.dir/src.c.o
/usr/bin/cc -DHAVE_THREAD_LOCAL_STORAGE   -o CMakeFiles/cmTC_9905f.dir/src.c.o -c /home/aaa/nlopt2/build-debug/CMakeFiles/CMakeTmp/src.c
/home/aaa/nlopt2/build-debug/CMakeFiles/CMakeTmp/src.c:2:5: warning: return type defaults to ‘int’ [-Wimplicit-int]
     __declspec(thread) int tls;
     ^~~~~~~~~~
/home/aaa/nlopt2/build-debug/CMakeFiles/CMakeTmp/src.c: In function ‘__declspec’:
/home/aaa/nlopt2/build-debug/CMakeFiles/CMakeTmp/src.c:4:20: error: expected ‘=’, ‘,’, ‘;’, ‘asm’ or ‘__attribute__’ before ‘{’ token
     int main(void) {
                    ^
/home/aaa/nlopt2/build-debug/CMakeFiles/CMakeTmp/src.c:2:5: warning: type of ‘thread’ defaults to ‘int’ [-Wimplicit-int]
     __declspec(thread) int tls;
     ^~~~~~~~~~
/home/aaa/nlopt2/build-debug/CMakeFiles/CMakeTmp/src.c:2:28: error: declaration for parameter ‘tls’ but no such parameter
     __declspec(thread) int tls;
                            ^~~
/home/aaa/nlopt2/build-debug/CMakeFiles/CMakeTmp/src.c:6:5: error: expected ‘{’ at end of input
     }
     ^
CMakeFiles/cmTC_9905f.dir/build.make:77: recipe for target 'CMakeFiles/cmTC_9905f.dir/src.c.o' failed
make[1]: *** [CMakeFiles/cmTC_9905f.dir/src.c.o] Error 1
make[1]: Leaving directory '/home/aaa/nlopt2/build-debug/CMakeFiles/CMakeTmp'
Makefile:127: recipe for target 'cmTC_9905f/fast' failed
make: *** [cmTC_9905f/fast] Error 2


Source file was:

    __declspec(thread) int tls;

    int main(void) {
        return 0;
    }
